TN:
SF:src/app.ts
FN:12,(anonymous_1)
FNF:1
FNH:1
FNDA:3,(anonymous_1)
DA:1,1
DA:2,1
DA:3,1
DA:4,1
DA:6,1
DA:8,1
DA:9,1
DA:10,1
DA:12,1
DA:13,3
DA:14,2
DA:15,2
DA:17,1
DA:20,1
LF:14
LH:14
BRDA:13,0,0,2
BRF:1
BRH:1
end_of_record
TN:
SF:src/routes/entity_route.ts
FN:8,(anonymous_9)
FN:9,(anonymous_10)
FN:13,(anonymous_11)
FN:24,(anonymous_12)
FN:33,(anonymous_13)
FN:42,(anonymous_14)
FN:51,(anonymous_15)
FNF:7
FNH:7
FNDA:1,(anonymous_9)
FNDA:2,(anonymous_10)
FNDA:8,(anonymous_11)
FNDA:2,(anonymous_12)
FNDA:3,(anonymous_13)
FNDA:2,(anonymous_14)
FNDA:2,(anonymous_15)
DA:1,1
DA:2,1
DA:3,1
DA:4,1
DA:6,1
DA:8,1
DA:9,2
DA:10,1
DA:13,1
DA:14,8
DA:15,8
DA:22,7
DA:24,1
DA:25,2
DA:26,2
DA:27,1
DA:28,1
DA:30,1
DA:33,1
DA:34,3
DA:35,3
DA:36,1
DA:37,1
DA:39,2
DA:42,1
DA:43,2
DA:44,2
DA:45,1
DA:46,1
DA:48,1
DA:51,1
DA:52,2
DA:53,2
DA:54,1
DA:55,1
DA:57,1
DA:60,1
LF:37
LH:37
BRDA:9,0,0,2
BRDA:9,0,1,2
BRDA:16,1,0,1
BRDA:16,1,1,7
BRDA:17,2,0,1
BRDA:17,2,1,7
BRDA:18,3,0,1
BRDA:18,3,1,7
BRDA:19,4,0,1
BRDA:19,4,1,7
BRDA:20,5,0,1
BRDA:20,5,1,7
BRDA:26,6,0,1
BRDA:35,7,0,1
BRDA:44,8,0,1
BRDA:53,9,0,1
BRF:16
BRH:16
end_of_record
TN:
SF:src/storage/entity.ts
FN:6,(anonymous_0)
FN:16,(anonymous_1)
FN:17,(anonymous_2)
FN:18,(anonymous_3)
FN:19,(anonymous_4)
FN:20,(anonymous_5)
FN:26,(anonymous_6)
FN:28,(anonymous_7)
FN:29,(anonymous_8)
FN:39,(anonymous_9)
FN:48,(anonymous_10)
FN:50,(anonymous_11)
FNF:12
FNH:12
FNDA:8,(anonymous_0)
FNDA:2,(anonymous_1)
FNDA:1,(anonymous_2)
FNDA:2,(anonymous_3)
FNDA:2,(anonymous_4)
FNDA:2,(anonymous_5)
FNDA:3,(anonymous_6)
FNDA:19,(anonymous_7)
FNDA:6,(anonymous_8)
FNDA:2,(anonymous_9)
FNDA:2,(anonymous_10)
FNDA:19,(anonymous_11)
DA:1,1
DA:4,1
DA:6,1
DA:13,8
DA:15,8
DA:16,7
DA:17,7
DA:18,7
DA:19,7
DA:20,7
DA:23,8
DA:26,3
DA:28,1
DA:29,19
DA:30,19
DA:32,18
DA:33,18
DA:34,18
DA:35,18
DA:36,18
DA:39,1
DA:40,2
DA:41,2
DA:43,1
DA:44,1
DA:45,1
DA:48,2
DA:50,19
LF:28
LH:28
BRDA:15,0,0,7
BRDA:16,1,0,1
BRDA:17,2,0,1
BRDA:18,3,0,1
BRDA:19,4,0,1
BRDA:20,5,0,1
BRDA:20,6,0,2
BRDA:20,6,1,2
BRDA:30,7,0,1
BRDA:41,8,0,1
BRF:10
BRH:10
end_of_record
