TN:
SF:src/app.ts
FN:13,(anonymous_1)
FNF:1
FNH:1
FNDA:10,(anonymous_1)
DA:1,1
DA:2,1
DA:3,1
DA:4,1
DA:6,1
DA:8,1
DA:9,1
DA:11,1
DA:13,1
DA:14,10
DA:15,1
DA:19,1
DA:22,9
DA:23,1
DA:24,1
DA:26,8
DA:27,1
DA:28,1
DA:31,7
DA:32,7
DA:35,1
LF:21
LH:21
BRDA:11,0,0,1
BRDA:11,0,1,1
BRDA:14,1,0,1
BRDA:22,2,0,1
BRDA:26,3,0,1
BRF:5
BRH:5
end_of_record
TN:
SF:src/routes/entity_route.ts
FN:8,(anonymous_9)
FN:11,(anonymous_10)
FN:18,(anonymous_11)
FN:34,(anonymous_12)
FN:47,(anonymous_13)
FN:60,(anonymous_14)
FN:73,(anonymous_15)
FNF:7
FNH:7
FNDA:2,(anonymous_9)
FNDA:2,(anonymous_10)
FNDA:10,(anonymous_11)
FNDA:4,(anonymous_12)
FNDA:3,(anonymous_13)
FNDA:3,(anonymous_14)
FNDA:3,(anonymous_15)
DA:1,1
DA:2,1
DA:3,1
DA:4,1
DA:6,1
DA:8,1
DA:9,2
DA:10,2
DA:11,2
DA:12,1
DA:14,1
DA:18,1
DA:19,10
DA:20,10
DA:21,10
DA:28,7
DA:30,3
DA:34,1
DA:35,4
DA:36,4
DA:37,2
DA:38,1
DA:39,1
DA:41,1
DA:43,2
DA:47,1
DA:48,3
DA:49,3
DA:50,1
DA:52,2
DA:53,1
DA:54,1
DA:56,1
DA:60,1
DA:61,3
DA:62,3
DA:63,2
DA:64,1
DA:65,1
DA:67,1
DA:69,1
DA:73,1
DA:74,3
DA:75,3
DA:76,2
DA:77,1
DA:78,1
DA:80,1
DA:82,1
DA:86,1
LF:50
LH:50
BRDA:11,0,0,2
BRDA:11,0,1,2
BRDA:22,1,0,1
BRDA:22,1,1,9
BRDA:23,2,0,1
BRDA:23,2,1,9
BRDA:24,3,0,2
BRDA:24,3,1,8
BRDA:25,4,0,2
BRDA:25,4,1,8
BRDA:26,5,0,1
BRDA:26,5,1,9
BRDA:37,6,0,1
BRDA:52,7,0,1
BRDA:63,8,0,1
BRDA:76,9,0,1
BRF:16
BRH:16
end_of_record
TN:
SF:src/storage/entity.ts
FN:3,(anonymous_0)
FN:26,(anonymous_1)
FN:30,(anonymous_2)
FN:35,(anonymous_3)
FN:40,(anonymous_4)
FN:45,(anonymous_5)
FNF:6
FNH:6
FNDA:8,(anonymous_0)
FNDA:2,(anonymous_1)
FNDA:21,(anonymous_2)
FNDA:3,(anonymous_3)
FNDA:2,(anonymous_4)
FNDA:27,(anonymous_5)
DA:1,1
DA:3,1
DA:10,8
DA:12,8
DA:13,7
DA:14,7
DA:15,7
DA:16,3
DA:17,3
DA:18,3
DA:20,7
DA:23,8
DA:26,1
DA:27,2
DA:30,1
DA:31,21
DA:35,1
DA:37,3
DA:40,1
DA:41,2
DA:42,2
DA:45,1
DA:46,27
LF:23
LH:23
BRDA:12,0,0,7
BRDA:13,1,0,1
BRDA:14,2,0,1
BRDA:15,3,0,3
BRDA:15,4,0,7
BRDA:15,4,1,5
BRDA:17,5,0,2
BRDA:18,6,0,2
BRDA:20,7,0,1
BRF:9
BRH:9
end_of_record
